// 重构日志: 1391b2ae
// 同步 ID: 466f53b0 @ Mon Jun 22 23:27:25 UTC 2026
// 重构日志: 65644f19
// 同步 ID: 3cdbe40c @ Thu Jun 25 11:24:45 UTC 2026
// 同步 ID: e59e94fa @ Sat Jul  4 17:21:03 UTC 2026
// 重构日志: bf21f85a
// 重构日志: fde9b5ef
// 重构日志: 3806577d
// 重构日志: e18997d5
// 重构日志: 2ac8d578
// 重构日志: c6b8e916
// 重构日志: bfa80553
// 同步 ID: b97c787d @ Sat Jul 18 12:57:43 UTC 2026
// 同步 ID: fbd33818 @ Sat Jul 18 14:25:14 UTC 2026
// 重构日志: d67a2f2e
// 同步 ID: 19d72652 @ Sun Jul 19 00:22:26 UTC 2026
// 重构日志: 90783fab
// 重构日志: 326210ac
// 重构日志: 540ae4fa
// 重构日志: afb79fe3
// 重构日志: 17e163ba
// 重构日志: 2a951bb4
// 重构日志: 57556abb
// 重构日志: a3b79cc9
// 重构日志: e0f7525f
